<?xml version="1.0" encoding="UTF-8"?>
<!-- Generated by org.testng.reporters.JUnitReportReporter -->
<testsuite skipped="0" hostname="DESKTOP-U2315UQ" name="com.auto.service.impl.AutoFunctionImpl" tests="6" failures="0" timestamp="19 Jul 2020 18:10:53 GMT" time="14.472" errors="0">
  <testcase name="autoRegisterValidity" time="1.390" classname="com.auto.service.impl.AutoFunctionImpl"/>
  <testcase name="autoRegister" time="1.025" classname="com.auto.service.impl.AutoFunctionImpl"/>
  <testcase name="autoLogin" time="3.180" classname="com.auto.service.impl.AutoFunctionImpl"/>
  <testcase name="loginAuthentication" time="1.018" classname="com.auto.service.impl.AutoFunctionImpl"/>
  <testcase name="search" time="2.932" classname="com.auto.service.impl.AutoFunctionImpl"/>
  <testcase name="addToCart" time="4.927" classname="com.auto.service.impl.AutoFunctionImpl"/>
</testsuite> <!-- com.auto.service.impl.AutoFunctionImpl -->
