<?xml version="1.0" encoding="UTF-8"?>
<!-- Generated by org.testng.reporters.JUnitReportReporter -->
<testsuite skipped="0" hostname="DESKTOP-U2315UQ" name="com.auto.AutomationMain" tests="1" failures="0" timestamp="18 Jul 2020 09:19:11 GMT" time="13.667" errors="0">
  <testcase name="automate" time="13.667" classname="com.auto.AutomationMain"/>
</testsuite> <!-- com.auto.AutomationMain -->
